<?xml version="1.0" encoding="UTF-8"?>
<robot generator="Robot 7.0 (Python 3.12.3 on win32)" generated="2024-05-10T06:01:08.742677" rpa="false" schemaversion="5">
<suite id="s1" name="Grants-Lead1" source="F:\NSCC-Courses\Semester-2\Work Placement\Automated Tests\BNFIN\tests\Grants-Lead1.robot">
<test id="s1-t1" name="Empty Draft Fields Should Show &quot;-&quot; Instead Of Empty" line="341">
<kw name="Begin Web Test" owner="Common" type="SETUP">
<kw name="Catenate" owner="BuiltIn">
<msg time="2024-05-10T06:01:09.600485" level="INFO">${auth_url} = https://bnfin_demo:ÔúiNÛONä½I@bnfin-staging.curbza.com/</msg>
<var>${auth_url}</var>
<arg>SEPARATOR=</arg>
<arg>https://${USERNAME}:${WEBPASSWORD}@${START_URL}</arg>
<doc>Catenates the given items together and returns the resulted string.</doc>
<status status="PASS" start="2024-05-10T06:01:09.600485" elapsed="0.000000"/>
</kw>
<kw name="Open Browser" owner="SeleniumLibrary">
<msg time="2024-05-10T06:01:09.600485" level="INFO">Opening browser 'chrome' to base url 'https://bnfin_demo:ÔúiNÛONä½I@bnfin-staging.curbza.com/'.</msg>
<arg>${auth_url}</arg>
<arg>${BROWSER}</arg>
<doc>Opens a new browser instance to the optional ``url``.</doc>
<status status="PASS" start="2024-05-10T06:01:09.600485" elapsed="5.839595"/>
</kw>
<kw name="Maximize Browser Window" owner="SeleniumLibrary">
<doc>Maximizes current browser window.</doc>
<status status="PASS" start="2024-05-10T06:01:15.440080" elapsed="0.869232"/>
</kw>
<kw name="Set Selenium Speed" owner="SeleniumLibrary">
<arg>1s</arg>
<doc>Sets the delay that is waited after each Selenium command.</doc>
<status status="PASS" start="2024-05-10T06:01:16.309312" elapsed="0.004148"/>
</kw>
<status status="PASS" start="2024-05-10T06:01:09.600485" elapsed="6.712975"/>
</kw>
<kw name="Navigate To Grants-Lead" owner="Grants_Lead1">
<kw name="Login as User Type" owner="bnfinApp">
<kw name="Run Keyword If" owner="BuiltIn">
<kw name="Set Variable" owner="BuiltIn">
<arg>${USER_LEAD_REVIEWER}[${user_index}]</arg>
<doc>Returns the given values which can then be assigned to a variables.</doc>
<status status="PASS" start="2024-05-10T06:01:16.313460" elapsed="0.000000"/>
</kw>
<msg time="2024-05-10T06:01:16.313460" level="INFO">${email} = victoria.lead-bbi</msg>
<var>${email}</var>
<arg>'${user_type}'=='ADMIN'</arg>
<arg>Set Variable</arg>
<arg>${USER_ADMIN}</arg>
<arg>ELSE IF</arg>
<arg>'${user_type}'=='LEAD_REVIEWER'</arg>
<arg>Set Variable</arg>
<arg>${USER_LEAD_REVIEWER}[${user_index}]</arg>
<arg>ELSE IF</arg>
<arg>'${user_type}'=='REVIEWER'</arg>
<arg>Set Variable</arg>
<arg>${USER_REVIEWER}[${user_index}]</arg>
<arg>ELSE IF</arg>
<arg>'${user_type}'=='APPLICANT'</arg>
<arg>Set Variable</arg>
<arg>${USER_APPLICANT}[${user_index}]</arg>
<arg>ELSE</arg>
<arg>Set Variable</arg>
<arg>${None}</arg>
<doc>Runs the given keyword with the given arguments, if ``condition`` is true.</doc>
<status status="PASS" start="2024-05-10T06:01:16.313460" elapsed="0.000000"/>
</kw>
<kw name="Set Variable" owner="BuiltIn">
<msg time="2024-05-10T06:01:16.313460" level="INFO">${password} = test</msg>
<var>${password}</var>
<arg>${PASSWORD}</arg>
<doc>Returns the given values which can then be assigned to a variables.</doc>
<status status="PASS" start="2024-05-10T06:01:16.313460" elapsed="0.000000"/>
</kw>
<kw name="Go To Login Page" owner="SignIn">
<kw name="Wait Until Element Is Visible" owner="SeleniumLibrary">
<arg>${LOGIN_BUTTON}</arg>
<arg>10s</arg>
<doc>Waits until the element ``locator`` is visible.</doc>
<status status="PASS" start="2024-05-10T06:01:16.313460" elapsed="2.070528"/>
</kw>
<kw name="Click Element" owner="SeleniumLibrary">
<msg time="2024-05-10T06:01:18.383988" level="INFO">Clicking element 'xpath=//a[@href='/login' and contains(@class, 'btn-outline-white')]'.</msg>
<arg>${LOGIN_BUTTON}</arg>
<doc>Click the element identified by ``locator``.</doc>
<status status="PASS" start="2024-05-10T06:01:18.383988" elapsed="2.209885"/>
</kw>
<kw name="Wait Until Page Contains" owner="SeleniumLibrary">
<arg>${LOGIN_HEADER_LABEL}</arg>
<doc>Waits until ``text`` appears on the current page.</doc>
<status status="PASS" start="2024-05-10T06:01:20.594123" elapsed="1.042283"/>
</kw>
<status status="PASS" start="2024-05-10T06:01:16.313460" elapsed="5.323484"/>
</kw>
<kw name="Login With Valid Credentials" owner="SignIn">
<kw name="Fill &quot;Email&quot; Field" owner="SignIn">
<kw name="Input Text" owner="SeleniumLibrary">
<msg time="2024-05-10T06:01:21.638720" level="INFO">Typing text 'victoria.lead-bbi' into text field 'id=username'.</msg>
<arg>${LOGIN_EMAIL_TEXTBOX}</arg>
<arg>${Email}</arg>
<doc>Types the given ``text`` into the text field identified by ``locator``.</doc>
<status status="PASS" start="2024-05-10T06:01:21.638132" elapsed="3.529179"/>
</kw>
<arg>${Email}</arg>
<status status="PASS" start="2024-05-10T06:01:21.638132" elapsed="3.529179"/>
</kw>
<kw name="Fill &quot;Password&quot; Field" owner="SignIn">
<kw name="Input Text" owner="SeleniumLibrary">
<msg time="2024-05-10T06:01:25.170413" level="INFO">Typing text 'test' into text field 'id=password'.</msg>
<arg>${LOGIN_PASSWORD_TEXTBOX}</arg>
<arg>${Password}</arg>
<doc>Types the given ``text`` into the text field identified by ``locator``.</doc>
<status status="PASS" start="2024-05-10T06:01:25.168385" elapsed="3.313630"/>
</kw>
<arg>${Password}</arg>
<status status="PASS" start="2024-05-10T06:01:25.168385" elapsed="3.313630"/>
</kw>
<kw name="Click &quot;Submit&quot; Button" owner="SignIn">
<kw name="Ensure Element Is Clickable And Click" owner="bnfinApp">
<kw name="Wait Until Element Is Visible" owner="SeleniumLibrary">
<arg>${locator}</arg>
<arg>10s</arg>
<doc>Waits until the element ``locator`` is visible.</doc>
<status status="PASS" start="2024-05-10T06:01:28.482015" elapsed="2.060326"/>
</kw>
<kw name="Wait Until Element Is Enabled" owner="SeleniumLibrary">
<arg>${locator}</arg>
<arg>10s</arg>
<doc>Waits until the element ``locator`` is enabled.</doc>
<status status="PASS" start="2024-05-10T06:01:30.542341" elapsed="3.078525"/>
</kw>
<kw name="Click Element" owner="SeleniumLibrary">
<msg time="2024-05-10T06:01:33.620866" level="INFO">Clicking element 'xpath=//*[@id="app"]/div[4]/div/div[2]/form/button'.</msg>
<arg>${locator}</arg>
<doc>Click the element identified by ``locator``.</doc>
<status status="PASS" start="2024-05-10T06:01:33.620866" elapsed="2.159385"/>
</kw>
<arg>${LOGIN_SUBMIT_BUTTON}</arg>
<status status="PASS" start="2024-05-10T06:01:28.482015" elapsed="7.298236"/>
</kw>
<status status="PASS" start="2024-05-10T06:01:28.482015" elapsed="7.298236"/>
</kw>
<arg>${email}</arg>
<arg>${password}</arg>
<status status="PASS" start="2024-05-10T06:01:21.636944" elapsed="14.143307"/>
</kw>
<kw name="Go to &quot;Home&quot; Dashboard" owner="bnfinApp">
<kw name="Navigate To Dash" owner="HomeDashboard">
<kw name="Go To" owner="SeleniumLibrary">
<msg time="2024-05-10T06:01:35.784078" level="INFO">Opening url 'https://bnfin-staging.curbza.com/home'</msg>
<arg>${DASH_URL}</arg>
<doc>Navigates the current browser window to the provided ``url``.</doc>
<status status="PASS" start="2024-05-10T06:01:35.784078" elapsed="1.589501"/>
</kw>
<status status="PASS" start="2024-05-10T06:01:35.784078" elapsed="1.589501"/>
</kw>
<kw name="Verify Page Loaded" owner="HomeDashboard">
<kw name="Wait Until Element Is Enabled" owner="SeleniumLibrary">
<arg>xpath=//*[@id="app"]/div[4]/div[1]/nav/div</arg>
<arg>10s</arg>
<doc>Waits until the element ``locator`` is enabled.</doc>
<status status="PASS" start="2024-05-10T06:01:37.373579" elapsed="3.090558"/>
</kw>
<status status="PASS" start="2024-05-10T06:01:37.373579" elapsed="3.091455"/>
</kw>
<status status="PASS" start="2024-05-10T06:01:35.780251" elapsed="4.684783"/>
</kw>
<arg>LEAD_REVIEWER</arg>
<arg>0</arg>
<status status="PASS" start="2024-05-10T06:01:16.313460" elapsed="24.151574"/>
</kw>
<kw name="Click Element" owner="SeleniumLibrary">
<msg time="2024-05-10T06:01:40.465034" level="INFO">Clicking element 'xpath=//*[@id="app"]/div[4]/div[1]/nav/div/div/div/div[1]/a[4]'.</msg>
<arg>${GRANTS_SIDENAV_BUTTON}</arg>
<doc>Click the element identified by ``locator``.</doc>
<status status="PASS" start="2024-05-10T06:01:40.465034" elapsed="2.292730"/>
</kw>
<kw name="Wait Until Page Contains" owner="SeleniumLibrary">
<arg>View current grants and create new grants</arg>
<doc>Waits until ``text`` appears on the current page.</doc>
<status status="PASS" start="2024-05-10T06:01:42.757764" elapsed="1.037393"/>
</kw>
<status status="PASS" start="2024-05-10T06:01:16.313460" elapsed="27.481697"/>
</kw>
<kw name="Filter Draft Grants" owner="Grants_Lead1">
<kw name="Click Button" owner="SeleniumLibrary">
<msg time="2024-05-10T06:01:43.798655" level="INFO">Clicking button 'Draft'.</msg>
<arg>${DRAFT_GRANTS_FILTER_BUTTON}</arg>
<doc>Clicks the button identified by ``locator``.</doc>
<status status="PASS" start="2024-05-10T06:01:43.798224" elapsed="4.254889"/>
</kw>
<status status="PASS" start="2024-05-10T06:01:43.795157" elapsed="4.257956"/>
</kw>
<kw name="View Individual Draft" owner="Grants_Lead1">
<kw name="Get WebElements" owner="SeleniumLibrary">
<msg time="2024-05-10T06:01:49.091253" level="INFO">${cards} = [&lt;selenium.webdriver.remote.webelement.WebElement (session="e631d88b4732e9f0b8deac75034c1d75", element="f.888736AA9749D99A3FFDB11994567E0B.d.BA26666DE701F32CE489110F9B1A2FBE.e.146")&gt;, &lt;selenium.webdri...</msg>
<var>${cards}</var>
<arg>${FIRST_DRAFT_CARD}</arg>
<doc>Returns a list of WebElement objects matching the ``locator``.</doc>
<status status="PASS" start="2024-05-10T06:01:48.053113" elapsed="1.038140"/>
</kw>
<kw name="Run Keyword If" owner="BuiltIn">
<msg time="2024-05-10T06:01:49.099915" level="FAIL">Resolving variable '${len(cards)}' failed: Variable '${len}' not found.</msg>
<arg>${len(cards)} &gt; 0</arg>
<arg>Click Element</arg>
<arg>${cards}[0]</arg>
<arg>ELSE</arg>
<arg>Fail</arg>
<arg>"No draft cards available."</arg>
<doc>Runs the given keyword with the given arguments, if ``condition`` is true.</doc>
<status status="FAIL" start="2024-05-10T06:01:49.091253" elapsed="0.008662">Resolving variable '${len(cards)}' failed: Variable '${len}' not found.</status>
</kw>
<status status="FAIL" start="2024-05-10T06:01:48.053113" elapsed="1.046802">Resolving variable '${len(cards)}' failed: Variable '${len}' not found.</status>
</kw>
<kw name="Empty Draft Fields" owner="Grants_Lead1">
<status status="NOT RUN" start="2024-05-10T06:01:49.106106" elapsed="0.000000"/>
</kw>
<kw name="Check If Fields Display Hyphen" owner="Grants_Lead1">
<arg>${GRANT_TITLE}</arg>
<status status="NOT RUN" start="2024-05-10T06:01:49.107646" elapsed="0.000000"/>
</kw>
<kw name="Scroll Element Into View" owner="SeleniumLibrary">
<arg>${BACK_TO_GRANTS_BUTTON}</arg>
<doc>Scrolls the element identified by ``locator`` into view.</doc>
<status status="NOT RUN" start="2024-05-10T06:01:49.107646" elapsed="0.000000"/>
</kw>
<kw name="Ensure Element Is Clickable And Click" owner="bnfinApp">
<arg>${BACK_TO_GRANTS_BUTTON}</arg>
<status status="NOT RUN" start="2024-05-10T06:01:49.107646" elapsed="0.000000"/>
</kw>
<kw name="Filter Draft Grants" owner="Grants_Lead1">
<status status="NOT RUN" start="2024-05-10T06:01:49.107646" elapsed="0.000000"/>
</kw>
<kw name="End Web Test" owner="Common" type="TEARDOWN">
<kw name="Close All Browsers" owner="SeleniumLibrary">
<doc>Closes all open browsers and resets the browser cache.</doc>
<status status="PASS" start="2024-05-10T06:01:49.107646" elapsed="3.393594"/>
</kw>
<kw name="Log Test Case Status" owner="Common">
<kw name="Run Keyword If" owner="BuiltIn">
<kw name="Log" owner="BuiltIn">
<msg time="2024-05-10T06:01:52.501240" level="INFO">Test failed: Empty Draft Fields Should Show "-" Instead Of Empty</msg>
<arg>Test failed: ${TEST NAME}</arg>
<doc>Logs the given message with the given level.</doc>
<status status="PASS" start="2024-05-10T06:01:52.501240" elapsed="0.000000"/>
</kw>
<arg>'${TEST STATUS}' != 'PASS'</arg>
<arg>Log</arg>
<arg>Test failed: ${TEST NAME}</arg>
<doc>Runs the given keyword with the given arguments, if ``condition`` is true.</doc>
<status status="PASS" start="2024-05-10T06:01:52.501240" elapsed="0.000000"/>
</kw>
<status status="PASS" start="2024-05-10T06:01:52.501240" elapsed="0.000000"/>
</kw>
<status status="PASS" start="2024-05-10T06:01:49.107646" elapsed="3.393594"/>
</kw>
<doc>This test checks if empty fields in the draft grant are displayed as "-"</doc>
<tag>Draft</tag>
<tag>Grants</tag>
<tag>Run</tag>
<status status="FAIL" start="2024-05-10T06:01:09.600485" elapsed="42.900755">Resolving variable '${len(cards)}' failed: Variable '${len}' not found.</status>
</test>
<doc>This testing suite will check for the functionality of Grant viewing, filtering and archiving for the Lead Reviewer</doc>
<status status="FAIL" start="2024-05-10T06:01:08.742677" elapsed="43.758563"/>
</suite>
<statistics>
<total>
<stat pass="0" fail="1" skip="0">All Tests</stat>
</total>
<tag>
<stat pass="0" fail="1" skip="0">Draft</stat>
<stat pass="0" fail="1" skip="0">Grants</stat>
<stat pass="0" fail="1" skip="0">Run</stat>
</tag>
<suite>
<stat pass="0" fail="1" skip="0" id="s1" name="Grants-Lead1">Grants-Lead1</stat>
</suite>
</statistics>
<errors>
</errors>
</robot>
