<?xml version="1.0" encoding="UTF-8"?>
<robot generator="Robot 7.0 (Python 3.12.3 on win32)" generated="2024-05-07T04:42:23.546279" rpa="false" schemaversion="5">
<suite id="s1" name="Logreg" source="F:\NSCC-Courses\Semester-2\Work Placement\Automated Tests\BNFIN\tests\logreg.robot">
<test id="s1-t1" name="User Should Be Able To Navigate Back To Login Page From Forgot Password" line="110">
<kw name="Begin Web Test" owner="Common" type="SETUP">
<kw name="Catenate" owner="BuiltIn">
<msg time="2024-05-07T04:42:23.905679" level="INFO">${auth_url} = https://bnfin_demo:ÔúiNÛONä½I@bnfin-staging.curbza.com/</msg>
<var>${auth_url}</var>
<arg>SEPARATOR=</arg>
<arg>https://${USERNAME}:${WEBPASSWORD}@${START_URL}</arg>
<doc>Catenates the given items together and returns the resulted string.</doc>
<status status="PASS" start="2024-05-07T04:42:23.905679" elapsed="0.000000"/>
</kw>
<kw name="Open Browser" owner="SeleniumLibrary">
<msg time="2024-05-07T04:42:23.905679" level="INFO">Opening browser 'chrome' to base url 'https://bnfin_demo:ÔúiNÛONä½I@bnfin-staging.curbza.com/'.</msg>
<arg>${auth_url}</arg>
<arg>${BROWSER}</arg>
<doc>Opens a new browser instance to the optional ``url``.</doc>
<status status="PASS" start="2024-05-07T04:42:23.905679" elapsed="3.012429"/>
</kw>
<kw name="Maximize Browser Window" owner="SeleniumLibrary">
<doc>Maximizes current browser window.</doc>
<status status="PASS" start="2024-05-07T04:42:26.918108" elapsed="0.610609"/>
</kw>
<kw name="Set Selenium Speed" owner="SeleniumLibrary">
<arg>1s</arg>
<doc>Sets the delay that is waited after each Selenium command.</doc>
<status status="PASS" start="2024-05-07T04:42:27.528717" elapsed="0.000000"/>
</kw>
<status status="PASS" start="2024-05-07T04:42:23.905679" elapsed="3.623038"/>
</kw>
<kw name="Navigate to &quot;Forgot Password&quot;" owner="SignIn">
<kw name="Go To Login Page" owner="SignIn">
<kw name="Wait Until Element Is Visible" owner="SeleniumLibrary">
<arg>${LOGIN_BUTTON}</arg>
<arg>10s</arg>
<doc>Waits until the element ``locator`` is visible.</doc>
<status status="PASS" start="2024-05-07T04:42:27.529705" elapsed="2.031270"/>
</kw>
<kw name="Click Element" owner="SeleniumLibrary">
<msg time="2024-05-07T04:42:29.560975" level="INFO">Clicking element 'xpath=//a[@href='/login' and contains(@class, 'btn-outline-white')]'.</msg>
<arg>${LOGIN_BUTTON}</arg>
<doc>Click the element identified by ``locator``.</doc>
<status status="PASS" start="2024-05-07T04:42:29.560975" elapsed="2.079568"/>
</kw>
<kw name="Wait Until Page Contains" owner="SeleniumLibrary">
<arg>${LOGIN_HEADER_LABEL}</arg>
<doc>Waits until ``text`` appears on the current page.</doc>
<status status="PASS" start="2024-05-07T04:42:31.640543" elapsed="1.015621"/>
</kw>
<status status="PASS" start="2024-05-07T04:42:27.529705" elapsed="5.126459"/>
</kw>
<kw name="Ensure Element Is Clickable And Click" owner="bnfinApp">
<kw name="Wait Until Element Is Visible" owner="SeleniumLibrary">
<arg>${locator}</arg>
<arg>10s</arg>
<doc>Waits until the element ``locator`` is visible.</doc>
<status status="PASS" start="2024-05-07T04:42:32.657189" elapsed="2.030358"/>
</kw>
<kw name="Wait Until Element Is Enabled" owner="SeleniumLibrary">
<arg>${locator}</arg>
<arg>10s</arg>
<doc>Waits until the element ``locator`` is enabled.</doc>
<status status="PASS" start="2024-05-07T04:42:34.687547" elapsed="3.039957"/>
</kw>
<kw name="Click Element" owner="SeleniumLibrary">
<msg time="2024-05-07T04:42:37.728027" level="INFO">Clicking element 'link=Forgot Password?'.</msg>
<arg>${locator}</arg>
<doc>Click the element identified by ``locator``.</doc>
<status status="PASS" start="2024-05-07T04:42:37.727504" elapsed="2.065155"/>
</kw>
<arg>${FORGOT_PASSWORD_LINK}</arg>
<status status="PASS" start="2024-05-07T04:42:32.656164" elapsed="7.136495"/>
</kw>
<kw name="Wait Until Page Contains" owner="SeleniumLibrary">
<arg>Forgot Password?</arg>
<doc>Waits until ``text`` appears on the current page.</doc>
<status status="PASS" start="2024-05-07T04:42:39.792659" elapsed="1.016956"/>
</kw>
<status status="PASS" start="2024-05-07T04:42:27.529705" elapsed="13.279910"/>
</kw>
<kw name="Click Back To Login Button" owner="SignIn">
<kw name="Click Sign In Button" owner="SignIn">
<kw name="Ensure Element Is Clickable And Click" owner="bnfinApp">
<kw name="Wait Until Element Is Visible" owner="SeleniumLibrary">
<msg time="2024-05-07T04:42:53.014073" level="INFO" html="true">&lt;/td&gt;&lt;/tr&gt;&lt;tr&gt;&lt;td colspan="3"&gt;&lt;a href="selenium-screenshot-1.png"&gt;&lt;img src="selenium-screenshot-1.png" width="800px"&gt;&lt;/a&gt;</msg>
<msg time="2024-05-07T04:42:53.014073" level="FAIL">Element 'link=Login' not visible after 10 seconds.</msg>
<arg>${locator}</arg>
<arg>10s</arg>
<doc>Waits until the element ``locator`` is visible.</doc>
<status status="FAIL" start="2024-05-07T04:42:40.811636" elapsed="12.206433">Element 'link=Login' not visible after 10 seconds.</status>
</kw>
<kw name="Wait Until Element Is Enabled" owner="SeleniumLibrary">
<arg>${locator}</arg>
<arg>10s</arg>
<doc>Waits until the element ``locator`` is enabled.</doc>
<status status="NOT RUN" start="2024-05-07T04:42:53.018069" elapsed="0.000000"/>
</kw>
<kw name="Click Element" owner="SeleniumLibrary">
<arg>${locator}</arg>
<doc>Click the element identified by ``locator``.</doc>
<status status="NOT RUN" start="2024-05-07T04:42:53.018069" elapsed="0.000000"/>
</kw>
<arg>${LOGIN_BUTTON_LINK}</arg>
<status status="FAIL" start="2024-05-07T04:42:40.810638" elapsed="12.208431">Element 'link=Login' not visible after 10 seconds.</status>
</kw>
<status status="FAIL" start="2024-05-07T04:42:40.810638" elapsed="12.208431">Element 'link=Login' not visible after 10 seconds.</status>
</kw>
<kw name="Wait Until Page Contains" owner="SeleniumLibrary">
<arg>${LOGIN_HEADER_LABEL}</arg>
<doc>Waits until ``text`` appears on the current page.</doc>
<status status="NOT RUN" start="2024-05-07T04:42:53.019069" elapsed="0.000000"/>
</kw>
<status status="FAIL" start="2024-05-07T04:42:40.809615" elapsed="12.209454">Element 'link=Login' not visible after 10 seconds.</status>
</kw>
<kw name="End Web Test" owner="Common" type="TEARDOWN">
<kw name="Close All Browsers" owner="SeleniumLibrary">
<doc>Closes all open browsers and resets the browser cache.</doc>
<status status="PASS" start="2024-05-07T04:42:53.021141" elapsed="3.147701"/>
</kw>
<kw name="Log Test Case Status" owner="Common">
<kw name="Run Keyword If" owner="BuiltIn">
<kw name="Log" owner="BuiltIn">
<msg time="2024-05-07T04:42:56.168842" level="INFO">Test failed: User Should Be Able To Navigate Back To Login Page From Forgot Password</msg>
<arg>Test failed: ${TEST NAME}</arg>
<doc>Logs the given message with the given level.</doc>
<status status="PASS" start="2024-05-07T04:42:56.168842" elapsed="0.000000"/>
</kw>
<arg>'${TEST STATUS}' != 'PASS'</arg>
<arg>Log</arg>
<arg>Test failed: ${TEST NAME}</arg>
<doc>Runs the given keyword with the given arguments, if ``condition`` is true.</doc>
<status status="PASS" start="2024-05-07T04:42:56.168842" elapsed="0.000000"/>
</kw>
<status status="PASS" start="2024-05-07T04:42:56.168842" elapsed="0.000000"/>
</kw>
<status status="PASS" start="2024-05-07T04:42:53.020072" elapsed="3.148770"/>
</kw>
<doc>Test Navigation back to login page from Forgot Password</doc>
<tag>Forgot Password</tag>
<tag>Navigation</tag>
<status status="FAIL" start="2024-05-07T04:42:23.905679" elapsed="32.263163">Element 'link=Login' not visible after 10 seconds.</status>
</test>
<doc>This testing suite will check for the functionality of user login, registration and password reset</doc>
<status status="FAIL" start="2024-05-07T04:42:23.546279" elapsed="32.622563"/>
</suite>
<statistics>
<total>
<stat pass="0" fail="1" skip="0">All Tests</stat>
</total>
<tag>
<stat pass="0" fail="1" skip="0">Forgot Password</stat>
<stat pass="0" fail="1" skip="0">Navigation</stat>
</tag>
<suite>
<stat pass="0" fail="1" skip="0" id="s1" name="Logreg">Logreg</stat>
</suite>
</statistics>
<errors>
</errors>
</robot>
