<?xml version="1.0" encoding="UTF-8"?>
<robot generator="Robot 7.0 (Python 3.12.3 on win32)" generated="2024-05-04T06:42:46.351241" rpa="false" schemaversion="5">
<suite id="s1" name="Accessibilitychecker" source="F:\NSCC-Courses\Semester-2\Work Placement\Automated Tests\BNFIN\tests\accessibilitychecker.robot">
<test id="s1-t1" name="Login and Check All Images Have Alt Text" line="12">
<kw name="Open Browser" owner="SeleniumLibrary">
<msg time="2024-05-04T06:42:46.752456" level="INFO">Opening browser 'chrome' to base url 'https://bnfin-staging.curbza.com/about-info'.</msg>
<arg>${START_URL}</arg>
<arg>${BROWSER}</arg>
<doc>Opens a new browser instance to the optional ``url``.</doc>
<status status="PASS" start="2024-05-04T06:42:46.751913" elapsed="2.153177"/>
</kw>
<kw name="Input Text" owner="SeleniumLibrary">
<msg time="2024-05-04T06:42:48.908108" level="INFO">Typing text 'bnfin_demo' into text field 'id=username_field'.</msg>
<msg time="2024-05-04T06:42:49.073559" level="INFO" html="true">&lt;/td&gt;&lt;/tr&gt;&lt;tr&gt;&lt;td colspan="3"&gt;&lt;a href="selenium-screenshot-7.png"&gt;&lt;img src="selenium-screenshot-7.png" width="800px"&gt;&lt;/a&gt;</msg>
<msg time="2024-05-04T06:42:49.073916" level="FAIL">Element with locator 'id=username_field' not found.</msg>
<arg>id=username_field</arg>
<arg>${USERNAME}</arg>
<doc>Types the given ``text`` into the text field identified by ``locator``.</doc>
<status status="FAIL" start="2024-05-04T06:42:48.906105" elapsed="0.187417">Element with locator 'id=username_field' not found.</status>
</kw>
<kw name="Input Text" owner="SeleniumLibrary">
<arg>id=password_field</arg>
<arg>${WEBPASSWORD}</arg>
<doc>Types the given ``text`` into the text field identified by ``locator``.</doc>
<status status="NOT RUN" start="2024-05-04T06:42:49.094076" elapsed="0.000000"/>
</kw>
<kw name="Click Button" owner="SeleniumLibrary">
<arg>id=login_button</arg>
<doc>Clicks the button identified by ``locator``.</doc>
<status status="NOT RUN" start="2024-05-04T06:42:49.094076" elapsed="0.001017"/>
</kw>
<kw name="Wait For Condition" owner="SeleniumLibrary">
<arg>return document.readyState == 'complete'</arg>
<doc>Waits until ``condition`` is true or ``timeout`` expires.</doc>
<status status="NOT RUN" start="2024-05-04T06:42:49.095093" elapsed="0.000000"/>
</kw>
<kw name="Get Webelements">
<var>${images}</var>
<arg>css:img</arg>
<status status="NOT RUN" start="2024-05-04T06:42:49.096121" elapsed="0.000000"/>
</kw>
<for flavor="IN">
<iter>
<kw name="Get Element Attribute" owner="SeleniumLibrary">
<var>${alt_text}</var>
<arg>${image}</arg>
<arg>alt</arg>
<doc>Returns the value of ``attribute`` from the element ``locator``.</doc>
<status status="NOT RUN" start="2024-05-04T06:42:49.097087" elapsed="0.000000"/>
</kw>
<kw name="Should Not Be Empty" owner="BuiltIn">
<arg>${alt_text}</arg>
<arg>msg=Image at ${image} does not have non-empty alt text</arg>
<doc>Verifies that the given item is not empty.</doc>
<status status="NOT RUN" start="2024-05-04T06:42:49.097087" elapsed="0.000000"/>
</kw>
<var name="${image}"/>
<status status="NOT RUN" start="2024-05-04T06:42:49.097087" elapsed="0.000000"/>
</iter>
<var>${image}</var>
<value>@{images}</value>
<status status="NOT RUN" start="2024-05-04T06:42:49.096121" elapsed="0.000966"/>
</for>
<kw name="Close Browser" owner="SeleniumLibrary">
<doc>Closes the current browser.</doc>
<status status="NOT RUN" start="2024-05-04T06:42:49.097087" elapsed="0.000000"/>
</kw>
<status status="FAIL" start="2024-05-04T06:42:46.750819" elapsed="2.347268">Element with locator 'id=username_field' not found.</status>
</test>
<status status="FAIL" start="2024-05-04T06:42:46.351241" elapsed="2.748844"/>
</suite>
<statistics>
<total>
<stat pass="0" fail="1" skip="0">All Tests</stat>
</total>
<tag>
</tag>
<suite>
<stat pass="0" fail="1" skip="0" id="s1" name="Accessibilitychecker">Accessibilitychecker</stat>
</suite>
</statistics>
<errors>
</errors>
</robot>
